2025-04-04 11:30:28.535992 - Received CBT.V508.FILE544.PDS from FILE544.XMI 
2025-04-04 11:30:28.536873 - Found $$$#DATE.txt (text/plain) in CBT.V508.FILE544.PDS, moved to PDS/$$$#DATE
2025-04-04 11:30:28.537024 - Found $$$NOTE1.eml (message/rfc822) in CBT.V508.FILE544.PDS, moved to PDS/$$$NOTE1
2025-04-04 11:30:28.537155 - Found $$$NOTE2.txt (text/plain) in CBT.V508.FILE544.PDS, moved to PDS/$$$NOTE2
2025-04-04 11:30:28.537280 - Found @FILE544.txt (text/plain) in CBT.V508.FILE544.PDS, moved to PDS/@FILE544
2025-04-04 11:30:28.537402 - Found IEBCOPYR.jcl (text/plain) in CBT.V508.FILE544.PDS, moved to PDS/IEBCOPYR
2025-04-04 11:30:28.537562 - Found PL360.txt (text/plain) in CBT.V508.FILE544.PDS, moved to PDS/PL360
2025-04-04 11:30:28.537683 - Found PL360C.txt (text/plain) in CBT.V508.FILE544.PDS, moved to PDS/PL360C
2025-04-04 11:30:28.537814 - Found PL360CG.txt (text/plain) in CBT.V508.FILE544.PDS, moved to PDS/PL360CG
2025-04-04 11:30:28.537932 - Found PL360CL.txt (text/plain) in CBT.V508.FILE544.PDS, moved to PDS/PL360CL
2025-04-04 11:30:28.538045 - Found PL360IVP.jcl (text/plain) in CBT.V508.FILE544.PDS, moved to PDS/PL360IVP
2025-04-04 11:30:28.538169 - Found PL360LOA.xmi (application/xmit) in CBT.V508.FILE544.PDS, moved to PDS/PL360LOA.xmi
2025-04-04 11:30:28.552451 - Received SBGOLOB.PL360A.LOADMOD from PL360LOA.xmi 
2025-04-04 11:30:28.552993 - Found BCDTOVAL.bin (application/octet-stream) in SBGOLOB.PL360A.LOADMOD, moved to PL360LOA/BCDTOVAL
2025-04-04 11:30:28.553052 - Found alias BISEARCH to BCDTOVAL in SBGOLOB.PL360A.LOADMOD, moved to PDS/BISEARCH
2025-04-04 11:30:28.553177 - Found CANCEL.bin (application/octet-stream) in SBGOLOB.PL360A.LOADMOD, moved to PL360LOA/CANCEL
2025-04-04 11:30:28.553228 - Found alias GET to OPEN in SBGOLOB.PL360A.LOADMOD, moved to PDS/GET
2025-04-04 11:30:28.553272 - Found alias KLOSE to OPEN in SBGOLOB.PL360A.LOADMOD, moved to PDS/KLOSE
2025-04-04 11:30:28.553406 - Found OPEN.bin (application/octet-stream) in SBGOLOB.PL360A.LOADMOD, moved to PL360LOA/OPEN
2025-04-04 11:30:28.553453 - Found alias PAGE to CANCEL in SBGOLOB.PL360A.LOADMOD, moved to PDS/PAGE
2025-04-04 11:30:28.553573 - Found PL360.bin (application/octet-stream) in SBGOLOB.PL360A.LOADMOD, moved to PL360LOA/PL360
2025-04-04 11:30:28.553618 - Found alias PRINT to CANCEL in SBGOLOB.PL360A.LOADMOD, moved to PDS/PRINT
2025-04-04 11:30:28.553656 - Found alias PUNCH to CANCEL in SBGOLOB.PL360A.LOADMOD, moved to PDS/PUNCH
2025-04-04 11:30:28.553694 - Found alias PUT to OPEN in SBGOLOB.PL360A.LOADMOD, moved to PDS/PUT
2025-04-04 11:30:28.553737 - Found alias READ to CANCEL in SBGOLOB.PL360A.LOADMOD, moved to PDS/READ
2025-04-04 11:30:28.553780 - Found alias SHELSORT to BCDTOVAL in SBGOLOB.PL360A.LOADMOD, moved to PDS/SHELSORT
2025-04-04 11:30:28.553821 - Found alias VALTOBCD to BCDTOVAL in SBGOLOB.PL360A.LOADMOD, moved to PDS/VALTOBCD
2025-04-04 11:30:28.553858 - Found alias WRITE to CANCEL in SBGOLOB.PL360A.LOADMOD, moved to PDS/WRITE
